mode: set
github.com/geraldo/bunny-sdk-go/storage/client.go:33.43,34.25 1 1
github.com/geraldo/bunny-sdk-go/storage/client.go:34.25,36.3 1 1
github.com/geraldo/bunny-sdk-go/storage/client.go:40.38,41.25 1 1
github.com/geraldo/bunny-sdk-go/storage/client.go:41.25,43.3 1 1
github.com/geraldo/bunny-sdk-go/storage/client.go:47.37,48.25 1 1
github.com/geraldo/bunny-sdk-go/storage/client.go:48.25,50.3 1 1
github.com/geraldo/bunny-sdk-go/storage/client.go:55.55,62.27 2 1
github.com/geraldo/bunny-sdk-go/storage/client.go:62.27,64.3 1 1
github.com/geraldo/bunny-sdk-go/storage/client.go:65.2,65.10 1 1
github.com/geraldo/bunny-sdk-go/storage/client.go:69.38,71.2 1 1
github.com/geraldo/bunny-sdk-go/storage/client.go:78.98,80.2 1 1
github.com/geraldo/bunny-sdk-go/storage/client.go:82.98,86.17 3 1
github.com/geraldo/bunny-sdk-go/storage/client.go:86.17,88.17 2 1
github.com/geraldo/bunny-sdk-go/storage/client.go:88.17,90.4 1 0
github.com/geraldo/bunny-sdk-go/storage/client.go:91.3,91.41 1 1
github.com/geraldo/bunny-sdk-go/storage/client.go:94.2,95.16 2 1
github.com/geraldo/bunny-sdk-go/storage/client.go:95.16,97.3 1 0
github.com/geraldo/bunny-sdk-go/storage/client.go:99.2,101.17 3 1
github.com/geraldo/bunny-sdk-go/storage/client.go:101.17,103.3 1 1
github.com/geraldo/bunny-sdk-go/storage/client.go:104.2,107.16 3 1
github.com/geraldo/bunny-sdk-go/storage/client.go:107.16,109.3 1 1
github.com/geraldo/bunny-sdk-go/storage/client.go:111.2,111.28 1 1
github.com/geraldo/bunny-sdk-go/storage/client.go:111.28,113.3 1 1
github.com/geraldo/bunny-sdk-go/storage/client.go:115.2,115.62 1 1
github.com/geraldo/bunny-sdk-go/storage/client.go:115.62,117.67 2 1
github.com/geraldo/bunny-sdk-go/storage/client.go:117.67,119.4 1 1
github.com/geraldo/bunny-sdk-go/storage/client.go:120.8,122.3 1 1
github.com/geraldo/bunny-sdk-go/storage/client.go:124.2,124.12 1 1
github.com/geraldo/bunny-sdk-go/storage/client.go:127.53,129.16 2 1
github.com/geraldo/bunny-sdk-go/storage/client.go:129.16,131.3 1 0
github.com/geraldo/bunny-sdk-go/storage/client.go:133.2,134.45 2 1
github.com/geraldo/bunny-sdk-go/storage/client.go:134.45,136.3 1 1
github.com/geraldo/bunny-sdk-go/storage/client.go:138.2,138.59 1 1
github.com/geraldo/bunny-sdk-go/storage/file.go:38.103,46.27 2 1
github.com/geraldo/bunny-sdk-go/storage/file.go:46.27,48.3 1 1
github.com/geraldo/bunny-sdk-go/storage/file.go:49.2,49.11 1 1
github.com/geraldo/bunny-sdk-go/storage/file.go:56.58,57.31 1 1
github.com/geraldo/bunny-sdk-go/storage/file.go:57.31,59.3 1 1
github.com/geraldo/bunny-sdk-go/storage/file.go:63.53,64.31 1 1
github.com/geraldo/bunny-sdk-go/storage/file.go:64.31,66.3 1 1
github.com/geraldo/bunny-sdk-go/storage/file.go:72.109,76.16 3 1
github.com/geraldo/bunny-sdk-go/storage/file.go:76.16,78.3 1 0
github.com/geraldo/bunny-sdk-go/storage/file.go:80.2,81.17 2 1
github.com/geraldo/bunny-sdk-go/storage/file.go:81.17,82.26 1 1
github.com/geraldo/bunny-sdk-go/storage/file.go:82.26,84.4 1 1
github.com/geraldo/bunny-sdk-go/storage/file.go:85.3,85.29 1 1
github.com/geraldo/bunny-sdk-go/storage/file.go:85.29,87.4 1 1
github.com/geraldo/bunny-sdk-go/storage/file.go:87.9,89.4 1 1
github.com/geraldo/bunny-sdk-go/storage/file.go:90.8,92.3 1 1
github.com/geraldo/bunny-sdk-go/storage/file.go:94.2,95.16 2 1
github.com/geraldo/bunny-sdk-go/storage/file.go:95.16,97.3 1 0
github.com/geraldo/bunny-sdk-go/storage/file.go:98.2,100.28 2 1
github.com/geraldo/bunny-sdk-go/storage/file.go:100.28,102.3 1 1
github.com/geraldo/bunny-sdk-go/storage/file.go:104.2,104.12 1 1
github.com/geraldo/bunny-sdk-go/storage/file.go:109.89,113.16 3 1
github.com/geraldo/bunny-sdk-go/storage/file.go:113.16,115.3 1 0
github.com/geraldo/bunny-sdk-go/storage/file.go:117.2,120.16 3 1
github.com/geraldo/bunny-sdk-go/storage/file.go:120.16,122.3 1 1
github.com/geraldo/bunny-sdk-go/storage/file.go:124.2,124.28 1 1
github.com/geraldo/bunny-sdk-go/storage/file.go:124.28,127.3 2 1
github.com/geraldo/bunny-sdk-go/storage/file.go:129.2,129.23 1 1
github.com/geraldo/bunny-sdk-go/storage/file.go:134.78,136.35 1 1
github.com/geraldo/bunny-sdk-go/storage/file.go:136.35,138.3 1 1
github.com/geraldo/bunny-sdk-go/storage/file.go:140.2,143.16 3 1
github.com/geraldo/bunny-sdk-go/storage/file.go:143.16,145.3 1 0
github.com/geraldo/bunny-sdk-go/storage/file.go:147.2,151.16 4 1
github.com/geraldo/bunny-sdk-go/storage/file.go:151.16,153.3 1 0
github.com/geraldo/bunny-sdk-go/storage/file.go:154.2,156.28 2 1
github.com/geraldo/bunny-sdk-go/storage/file.go:156.28,158.3 1 1
github.com/geraldo/bunny-sdk-go/storage/file.go:160.2,161.66 2 1
github.com/geraldo/bunny-sdk-go/storage/file.go:161.66,163.3 1 1
github.com/geraldo/bunny-sdk-go/storage/file.go:165.2,165.19 1 1
github.com/geraldo/bunny-sdk-go/storage/file.go:169.70,176.16 4 1
github.com/geraldo/bunny-sdk-go/storage/file.go:176.16,178.3 1 0
github.com/geraldo/bunny-sdk-go/storage/file.go:180.2,183.16 3 1
github.com/geraldo/bunny-sdk-go/storage/file.go:183.16,185.3 1 0
github.com/geraldo/bunny-sdk-go/storage/file.go:186.2,188.28 2 1
github.com/geraldo/bunny-sdk-go/storage/file.go:188.28,190.3 1 1
github.com/geraldo/bunny-sdk-go/storage/file.go:192.2,192.12 1 1
github.com/geraldo/bunny-sdk-go/storage/file.go:196.79,198.35 1 1
github.com/geraldo/bunny-sdk-go/storage/file.go:198.35,200.3 1 1
github.com/geraldo/bunny-sdk-go/storage/file.go:202.2,205.16 3 1
github.com/geraldo/bunny-sdk-go/storage/file.go:205.16,207.3 1 0
github.com/geraldo/bunny-sdk-go/storage/file.go:209.2,212.16 3 1
github.com/geraldo/bunny-sdk-go/storage/file.go:212.16,214.3 1 0
github.com/geraldo/bunny-sdk-go/storage/file.go:215.2,217.28 2 1
github.com/geraldo/bunny-sdk-go/storage/file.go:217.28,219.3 1 1
github.com/geraldo/bunny-sdk-go/storage/file.go:221.2,221.12 1 1
github.com/geraldo/bunny-sdk-go/storage/file.go:224.52,228.2 2 1
github.com/geraldo/bunny-sdk-go/storage/file.go:230.53,233.2 2 1
github.com/geraldo/bunny-sdk-go/storage/file.go:235.62,237.16 2 1
github.com/geraldo/bunny-sdk-go/storage/file.go:237.16,239.3 1 0
github.com/geraldo/bunny-sdk-go/storage/file.go:241.2,242.45 2 1
github.com/geraldo/bunny-sdk-go/storage/file.go:242.45,244.3 1 1
github.com/geraldo/bunny-sdk-go/storage/file.go:246.2,246.59 1 1
github.com/geraldo/bunny-sdk-go/storage/file.go:257.35,258.19 1 1
github.com/geraldo/bunny-sdk-go/storage/file.go:258.19,260.3 1 1
github.com/geraldo/bunny-sdk-go/storage/file.go:261.2,261.22 1 1
github.com/geraldo/bunny-sdk-go/storage/file.go:261.22,263.3 1 1
github.com/geraldo/bunny-sdk-go/storage/file.go:264.2,264.79 1 1
github.com/geraldo/bunny-sdk-go/storage/file.go:267.73,274.2 1 1
github.com/geraldo/bunny-sdk-go/storage/types.go:48.43,50.2 1 1
github.com/geraldo/bunny-sdk-go/storage/types.go:118.42,119.16 1 1
github.com/geraldo/bunny-sdk-go/storage/types.go:120.25,121.40 1 1
github.com/geraldo/bunny-sdk-go/storage/types.go:122.21,123.43 1 1
github.com/geraldo/bunny-sdk-go/storage/types.go:124.24,125.43 1 1
github.com/geraldo/bunny-sdk-go/storage/types.go:126.23,127.43 1 1
github.com/geraldo/bunny-sdk-go/storage/types.go:128.20,129.44 1 1
github.com/geraldo/bunny-sdk-go/storage/types.go:130.23,131.43 1 1
github.com/geraldo/bunny-sdk-go/storage/types.go:132.22,133.43 1 1
github.com/geraldo/bunny-sdk-go/storage/types.go:134.26,135.43 1 1
github.com/geraldo/bunny-sdk-go/storage/types.go:136.20,137.43 1 1
github.com/geraldo/bunny-sdk-go/storage/types.go:138.10,139.40 1 1
github.com/geraldo/bunny-sdk-go/storage/zone.go:32.52,34.2 1 1
github.com/geraldo/bunny-sdk-go/storage/zone.go:37.99,39.17 2 1
github.com/geraldo/bunny-sdk-go/storage/zone.go:39.17,41.3 1 1
github.com/geraldo/bunny-sdk-go/storage/zone.go:43.2,44.75 2 1
github.com/geraldo/bunny-sdk-go/storage/zone.go:44.75,46.3 1 1
github.com/geraldo/bunny-sdk-go/storage/zone.go:47.2,47.19 1 1
github.com/geraldo/bunny-sdk-go/storage/zone.go:51.77,55.75 3 1
github.com/geraldo/bunny-sdk-go/storage/zone.go:55.75,57.3 1 1
github.com/geraldo/bunny-sdk-go/storage/zone.go:58.2,58.19 1 1
github.com/geraldo/bunny-sdk-go/storage/zone.go:62.90,64.86 2 1
github.com/geraldo/bunny-sdk-go/storage/zone.go:64.86,66.3 1 1
github.com/geraldo/bunny-sdk-go/storage/zone.go:67.2,67.19 1 1
github.com/geraldo/bunny-sdk-go/storage/zone.go:71.104,75.76 3 1
github.com/geraldo/bunny-sdk-go/storage/zone.go:75.76,77.3 1 1
github.com/geraldo/bunny-sdk-go/storage/zone.go:78.2,78.19 1 1
github.com/geraldo/bunny-sdk-go/storage/zone.go:82.71,85.2 2 1
github.com/geraldo/bunny-sdk-go/storage/zone.go:88.106,92.75 3 1
github.com/geraldo/bunny-sdk-go/storage/zone.go:92.75,94.3 1 1
github.com/geraldo/bunny-sdk-go/storage/zone.go:95.2,95.19 1 1
github.com/geraldo/bunny-sdk-go/storage/zone.go:99.104,104.83 3 1
github.com/geraldo/bunny-sdk-go/storage/zone.go:104.83,106.3 1 1
github.com/geraldo/bunny-sdk-go/storage/zone.go:107.2,107.19 1 1
github.com/geraldo/bunny-sdk-go/storage/zone.go:111.120,116.83 3 1
github.com/geraldo/bunny-sdk-go/storage/zone.go:116.83,118.3 1 1
github.com/geraldo/bunny-sdk-go/storage/zone.go:119.2,119.19 1 1
github.com/geraldo/bunny-sdk-go/storage/zone.go:122.55,124.19 2 1
github.com/geraldo/bunny-sdk-go/storage/zone.go:124.19,126.3 1 1
github.com/geraldo/bunny-sdk-go/storage/zone.go:127.2,127.22 1 1
github.com/geraldo/bunny-sdk-go/storage/zone.go:127.22,129.3 1 1
github.com/geraldo/bunny-sdk-go/storage/zone.go:130.2,130.25 1 1
github.com/geraldo/bunny-sdk-go/storage/zone.go:130.25,132.3 1 1
github.com/geraldo/bunny-sdk-go/storage/zone.go:133.2,133.23 1 1
github.com/geraldo/bunny-sdk-go/storage/zone.go:133.23,135.3 1 1
github.com/geraldo/bunny-sdk-go/storage/zone.go:136.2,136.24 1 1
