mode: set
github.com/geraldo/bunny-sdk-go/stream/client.go:35.43,36.25 1 1
github.com/geraldo/bunny-sdk-go/stream/client.go:36.25,38.3 1 1
github.com/geraldo/bunny-sdk-go/stream/client.go:42.38,43.25 1 1
github.com/geraldo/bunny-sdk-go/stream/client.go:43.25,45.3 1 1
github.com/geraldo/bunny-sdk-go/stream/client.go:49.40,50.25 1 1
github.com/geraldo/bunny-sdk-go/stream/client.go:50.25,52.3 1 1
github.com/geraldo/bunny-sdk-go/stream/client.go:56.42,57.25 1 1
github.com/geraldo/bunny-sdk-go/stream/client.go:57.25,59.3 1 1
github.com/geraldo/bunny-sdk-go/stream/client.go:64.55,72.27 2 1
github.com/geraldo/bunny-sdk-go/stream/client.go:72.27,74.3 1 1
github.com/geraldo/bunny-sdk-go/stream/client.go:75.2,75.10 1 1
github.com/geraldo/bunny-sdk-go/stream/client.go:79.55,81.2 1 1
github.com/geraldo/bunny-sdk-go/stream/client.go:84.45,86.2 1 1
github.com/geraldo/bunny-sdk-go/stream/client.go:89.65,91.2 1 1
github.com/geraldo/bunny-sdk-go/stream/client.go:98.96,100.2 1 1
github.com/geraldo/bunny-sdk-go/stream/client.go:107.98,109.2 1 1
github.com/geraldo/bunny-sdk-go/stream/client.go:111.115,113.2 1 1
github.com/geraldo/bunny-sdk-go/stream/collection.go:29.49,31.2 1 1
github.com/geraldo/bunny-sdk-go/stream/collection.go:38.81,40.2 1 1
github.com/geraldo/bunny-sdk-go/stream/collection.go:43.117,45.17 2 1
github.com/geraldo/bunny-sdk-go/stream/collection.go:45.17,47.3 1 1
github.com/geraldo/bunny-sdk-go/stream/collection.go:49.2,50.75 2 1
github.com/geraldo/bunny-sdk-go/stream/collection.go:50.75,52.3 1 1
github.com/geraldo/bunny-sdk-go/stream/collection.go:53.2,53.19 1 1
github.com/geraldo/bunny-sdk-go/stream/collection.go:57.96,61.81 3 1
github.com/geraldo/bunny-sdk-go/stream/collection.go:61.81,63.3 1 1
github.com/geraldo/bunny-sdk-go/stream/collection.go:64.2,64.25 1 1
github.com/geraldo/bunny-sdk-go/stream/collection.go:68.108,72.82 3 1
github.com/geraldo/bunny-sdk-go/stream/collection.go:72.82,74.3 1 1
github.com/geraldo/bunny-sdk-go/stream/collection.go:75.2,75.25 1 1
github.com/geraldo/bunny-sdk-go/stream/collection.go:79.129,83.82 3 1
github.com/geraldo/bunny-sdk-go/stream/collection.go:83.82,85.3 1 1
github.com/geraldo/bunny-sdk-go/stream/collection.go:86.2,86.25 1 1
github.com/geraldo/bunny-sdk-go/stream/collection.go:90.84,93.2 2 1
github.com/geraldo/bunny-sdk-go/stream/collection.go:95.67,97.19 2 1
github.com/geraldo/bunny-sdk-go/stream/collection.go:97.19,99.3 1 1
github.com/geraldo/bunny-sdk-go/stream/collection.go:100.2,100.27 1 1
github.com/geraldo/bunny-sdk-go/stream/collection.go:100.27,102.3 1 1
github.com/geraldo/bunny-sdk-go/stream/collection.go:103.2,103.24 1 1
github.com/geraldo/bunny-sdk-go/stream/collection.go:103.24,105.3 1 1
github.com/geraldo/bunny-sdk-go/stream/collection.go:106.2,106.28 1 1
github.com/geraldo/bunny-sdk-go/stream/collection.go:106.28,108.3 1 1
github.com/geraldo/bunny-sdk-go/stream/collection.go:109.2,109.24 1 1
github.com/geraldo/bunny-sdk-go/stream/library.go:30.46,32.2 1 1
github.com/geraldo/bunny-sdk-go/stream/library.go:43.63,45.2 1 1
github.com/geraldo/bunny-sdk-go/stream/library.go:48.108,50.17 2 1
github.com/geraldo/bunny-sdk-go/stream/library.go:50.17,52.3 1 1
github.com/geraldo/bunny-sdk-go/stream/library.go:54.2,55.75 2 1
github.com/geraldo/bunny-sdk-go/stream/library.go:55.75,57.3 1 1
github.com/geraldo/bunny-sdk-go/stream/library.go:58.2,58.19 1 1
github.com/geraldo/bunny-sdk-go/stream/library.go:62.86,66.78 3 1
github.com/geraldo/bunny-sdk-go/stream/library.go:66.78,68.3 1 1
github.com/geraldo/bunny-sdk-go/stream/library.go:69.2,69.22 1 1
github.com/geraldo/bunny-sdk-go/stream/library.go:73.99,75.90 2 1
github.com/geraldo/bunny-sdk-go/stream/library.go:75.90,77.3 1 1
github.com/geraldo/bunny-sdk-go/stream/library.go:78.2,78.22 1 1
github.com/geraldo/bunny-sdk-go/stream/library.go:82.116,86.79 3 1
github.com/geraldo/bunny-sdk-go/stream/library.go:86.79,88.3 1 1
github.com/geraldo/bunny-sdk-go/stream/library.go:89.2,89.22 1 1
github.com/geraldo/bunny-sdk-go/stream/library.go:93.77,96.2 2 1
github.com/geraldo/bunny-sdk-go/stream/library.go:99.131,101.17 2 1
github.com/geraldo/bunny-sdk-go/stream/library.go:101.17,103.3 1 1
github.com/geraldo/bunny-sdk-go/stream/library.go:105.2,106.75 2 1
github.com/geraldo/bunny-sdk-go/stream/library.go:106.75,108.3 1 1
github.com/geraldo/bunny-sdk-go/stream/library.go:109.2,109.19 1 1
github.com/geraldo/bunny-sdk-go/stream/library.go:112.61,114.19 2 1
github.com/geraldo/bunny-sdk-go/stream/library.go:114.19,116.3 1 1
github.com/geraldo/bunny-sdk-go/stream/library.go:117.2,117.27 1 1
github.com/geraldo/bunny-sdk-go/stream/library.go:117.27,119.3 1 1
github.com/geraldo/bunny-sdk-go/stream/library.go:120.2,120.24 1 1
github.com/geraldo/bunny-sdk-go/stream/video.go:43.44,45.2 1 1
github.com/geraldo/bunny-sdk-go/stream/video.go:57.71,59.2 1 1
github.com/geraldo/bunny-sdk-go/stream/video.go:62.102,64.17 2 1
github.com/geraldo/bunny-sdk-go/stream/video.go:64.17,66.3 1 1
github.com/geraldo/bunny-sdk-go/stream/video.go:68.2,69.75 2 1
github.com/geraldo/bunny-sdk-go/stream/video.go:69.75,71.3 1 1
github.com/geraldo/bunny-sdk-go/stream/video.go:72.2,72.19 1 1
github.com/geraldo/bunny-sdk-go/stream/video.go:76.81,80.76 3 1
github.com/geraldo/bunny-sdk-go/stream/video.go:80.76,82.3 1 1
github.com/geraldo/bunny-sdk-go/stream/video.go:83.2,83.20 1 1
github.com/geraldo/bunny-sdk-go/stream/video.go:87.93,91.77 3 1
github.com/geraldo/bunny-sdk-go/stream/video.go:91.77,93.3 1 1
github.com/geraldo/bunny-sdk-go/stream/video.go:94.2,94.20 1 1
github.com/geraldo/bunny-sdk-go/stream/video.go:98.109,102.77 3 1
github.com/geraldo/bunny-sdk-go/stream/video.go:102.77,104.3 1 1
github.com/geraldo/bunny-sdk-go/stream/video.go:105.2,105.20 1 1
github.com/geraldo/bunny-sdk-go/stream/video.go:109.74,112.2 2 1
github.com/geraldo/bunny-sdk-go/stream/video.go:115.92,118.2 2 1
github.com/geraldo/bunny-sdk-go/stream/video.go:121.111,125.76 3 1
github.com/geraldo/bunny-sdk-go/stream/video.go:125.76,127.3 1 1
github.com/geraldo/bunny-sdk-go/stream/video.go:128.2,128.19 1 1
github.com/geraldo/bunny-sdk-go/stream/video.go:132.98,135.2 2 1
github.com/geraldo/bunny-sdk-go/stream/video.go:138.102,141.2 2 1
github.com/geraldo/bunny-sdk-go/stream/video.go:144.90,147.2 2 1
github.com/geraldo/bunny-sdk-go/stream/video.go:150.131,154.76 3 1
github.com/geraldo/bunny-sdk-go/stream/video.go:154.76,156.3 1 1
github.com/geraldo/bunny-sdk-go/stream/video.go:157.2,157.19 1 1
github.com/geraldo/bunny-sdk-go/stream/video.go:161.94,165.75 3 1
github.com/geraldo/bunny-sdk-go/stream/video.go:165.75,167.3 1 1
github.com/geraldo/bunny-sdk-go/stream/video.go:168.2,168.19 1 1
github.com/geraldo/bunny-sdk-go/stream/video.go:172.126,174.17 2 1
github.com/geraldo/bunny-sdk-go/stream/video.go:174.17,176.3 1 1
github.com/geraldo/bunny-sdk-go/stream/video.go:178.2,179.75 2 1
github.com/geraldo/bunny-sdk-go/stream/video.go:179.75,181.3 1 1
github.com/geraldo/bunny-sdk-go/stream/video.go:182.2,182.19 1 1
github.com/geraldo/bunny-sdk-go/stream/video.go:186.100,190.75 3 1
github.com/geraldo/bunny-sdk-go/stream/video.go:190.75,192.3 1 1
github.com/geraldo/bunny-sdk-go/stream/video.go:193.2,193.19 1 1
github.com/geraldo/bunny-sdk-go/stream/video.go:196.57,198.19 2 1
github.com/geraldo/bunny-sdk-go/stream/video.go:198.19,200.3 1 1
github.com/geraldo/bunny-sdk-go/stream/video.go:201.2,201.27 1 1
github.com/geraldo/bunny-sdk-go/stream/video.go:201.27,203.3 1 1
github.com/geraldo/bunny-sdk-go/stream/video.go:204.2,204.23 1 1
github.com/geraldo/bunny-sdk-go/stream/video.go:204.23,206.3 1 1
github.com/geraldo/bunny-sdk-go/stream/video.go:207.2,207.27 1 1
github.com/geraldo/bunny-sdk-go/stream/video.go:207.27,209.3 1 1
github.com/geraldo/bunny-sdk-go/stream/video.go:210.2,210.24 1 1
github.com/geraldo/bunny-sdk-go/stream/video.go:210.24,212.3 1 1
github.com/geraldo/bunny-sdk-go/stream/video.go:213.2,213.28 1 1
github.com/geraldo/bunny-sdk-go/stream/video.go:213.28,215.3 1 1
github.com/geraldo/bunny-sdk-go/stream/video.go:216.2,216.24 1 1
github.com/geraldo/bunny-sdk-go/stream/video.go:219.59,221.25 2 1
github.com/geraldo/bunny-sdk-go/stream/video.go:221.25,223.3 1 1
github.com/geraldo/bunny-sdk-go/stream/video.go:224.2,224.23 1 1
github.com/geraldo/bunny-sdk-go/stream/video.go:224.23,226.3 1 1
github.com/geraldo/bunny-sdk-go/stream/video.go:227.2,227.24 1 1
github.com/geraldo/bunny-sdk-go/stream/video.go:233.81,237.17 3 1
github.com/geraldo/bunny-sdk-go/stream/video.go:237.17,239.17 2 1
github.com/geraldo/bunny-sdk-go/stream/video.go:239.17,241.4 1 0
github.com/geraldo/bunny-sdk-go/stream/video.go:242.3,242.41 1 1
github.com/geraldo/bunny-sdk-go/stream/video.go:245.2,246.16 2 1
github.com/geraldo/bunny-sdk-go/stream/video.go:246.16,248.3 1 0
github.com/geraldo/bunny-sdk-go/stream/video.go:250.2,252.17 3 1
github.com/geraldo/bunny-sdk-go/stream/video.go:252.17,254.3 1 1
github.com/geraldo/bunny-sdk-go/stream/video.go:255.2,258.16 3 1
github.com/geraldo/bunny-sdk-go/stream/video.go:258.16,260.3 1 1
github.com/geraldo/bunny-sdk-go/stream/video.go:262.2,262.28 1 1
github.com/geraldo/bunny-sdk-go/stream/video.go:262.28,264.3 1 1
github.com/geraldo/bunny-sdk-go/stream/video.go:266.2,266.62 1 1
github.com/geraldo/bunny-sdk-go/stream/video.go:266.62,268.67 2 1
github.com/geraldo/bunny-sdk-go/stream/video.go:268.67,270.4 1 0
github.com/geraldo/bunny-sdk-go/stream/video.go:271.8,273.3 1 1
github.com/geraldo/bunny-sdk-go/stream/video.go:275.2,275.12 1 1
github.com/geraldo/bunny-sdk-go/stream/video.go:281.95,285.16 3 1
github.com/geraldo/bunny-sdk-go/stream/video.go:285.16,287.3 1 0
github.com/geraldo/bunny-sdk-go/stream/video.go:289.2,291.23 3 1
github.com/geraldo/bunny-sdk-go/stream/video.go:291.23,293.3 1 1
github.com/geraldo/bunny-sdk-go/stream/video.go:295.2,296.16 2 1
github.com/geraldo/bunny-sdk-go/stream/video.go:296.16,298.3 1 0
github.com/geraldo/bunny-sdk-go/stream/video.go:299.2,301.28 2 1
github.com/geraldo/bunny-sdk-go/stream/video.go:301.28,303.3 1 1
github.com/geraldo/bunny-sdk-go/stream/video.go:305.2,305.12 1 1
github.com/geraldo/bunny-sdk-go/stream/video.go:308.53,310.16 2 1
github.com/geraldo/bunny-sdk-go/stream/video.go:310.16,312.3 1 0
github.com/geraldo/bunny-sdk-go/stream/video.go:314.2,315.45 2 1
github.com/geraldo/bunny-sdk-go/stream/video.go:315.45,317.3 1 1
github.com/geraldo/bunny-sdk-go/stream/video.go:319.2,319.59 1 1
github.com/geraldo/bunny-sdk-go/stream/video.go:330.35,331.19 1 1
github.com/geraldo/bunny-sdk-go/stream/video.go:331.19,333.3 1 1
github.com/geraldo/bunny-sdk-go/stream/video.go:334.2,334.22 1 1
github.com/geraldo/bunny-sdk-go/stream/video.go:334.22,336.3 1 1
github.com/geraldo/bunny-sdk-go/stream/video.go:337.2,337.78 1 1
github.com/geraldo/bunny-sdk-go/stream/video.go:340.73,347.2 1 1
